2026-05-13 14:47:16,729:WARNING:
'prophet' is a soft dependency and not included in the pycaret installation. Please run: `pip install prophet` to install.
2026-05-13 14:47:18,837:INFO:Initializing load_model()
2026-05-13 14:47:18,837:INFO:load_model(model_name=best_model_produk_p001, platform=None, authentication=None, verbose=True)
2026-05-13 14:48:25,253:WARNING:
'prophet' is a soft dependency and not included in the pycaret installation. Please run: `pip install prophet` to install.
2026-05-13 14:48:27,353:INFO:Initializing load_model()
2026-05-13 14:48:27,355:INFO:load_model(model_name=modelest_model_produk_p001, platform=None, authentication=None, verbose=True)
2026-05-13 14:50:20,131:WARNING:
'prophet' is a soft dependency and not included in the pycaret installation. Please run: `pip install prophet` to install.
2026-05-13 14:50:21,470:INFO:Initializing load_model()
2026-05-13 14:50:21,470:INFO:load_model(model_name=model/best_model_produk_p001, platform=None, authentication=None, verbose=True)
2026-05-13 14:50:57,074:WARNING:
'prophet' is a soft dependency and not included in the pycaret installation. Please run: `pip install prophet` to install.
2026-05-13 14:50:58,613:INFO:Initializing load_model()
2026-05-13 14:50:58,614:INFO:load_model(model_name=pemodelan sementara/model/best_model_produk_p001, platform=None, authentication=None, verbose=True)
2026-05-13 14:51:16,735:WARNING:
'prophet' is a soft dependency and not included in the pycaret installation. Please run: `pip install prophet` to install.
2026-05-13 14:51:18,458:INFO:Initializing load_model()
2026-05-13 14:51:18,458:INFO:load_model(model_name=pemodelan sementara/model/best_model_produk_p001, platform=None, authentication=None, verbose=True)
